[Sunday/June 29/06/2025 20:41:32] C:\Users\gal\Downloads\Tehran.S03\Tehran (2020) - S03E03 - Lions Den [WEBDL-1080p][AAC 2.0][h264]-Kan.mkv | length=2606.6 | time=25.92
[Sunday/June 29/06/2025 20:41:51] C:\Users\gal\Downloads\Tehran.S03\Tehran (2020) - S03E03 - Lions Den [WEBDL-1080p][AAC 2.0][h264]-Kan.mkv | length=2606.6 | time=540.4
[Sunday/June 29/06/2025 21:05:01] C:\Users\gal\Downloads\Tehran.S03\Tehran (2020) - S03E02 - Punch in the Face [WEBDL-1080p][AAC 2.0][h264]-Kan.mkv | length=2511.44 | time=2458.68
[Sunday/June 29/06/2025 21:07:07] C:\Users\gal\Downloads\Tehran.S03\Tehran (2020) - S03E02 - Punch in the Face [WEBDL-1080p][AAC 2.0][h264]-Kan.mkv | length=2511.44 | time=2495.32
[Sunday/June 29/06/2025 21:48:31] Tehran (2020) - S03E03 - Lions Den [WEBDL-1080p][AAC 2.0][h264]-Kan.mkv | length=2606.6 | time=2553.64
[Monday/June 30/06/2025 12:12:27] Tehran (2020) - S03E04 - Into the Fire [WEBDL-1080p][AAC 2.0][h264]-Kan.mkv | length=2680.88 | time=2011.2
[Monday/June 30/06/2025 20:18:14] C:\Users\gal\Desktop\download (1).mp4 | length=8 | time=6.5416666666667
[Monday/June 30/06/2025 20:18:37] C:\Users\gal\Desktop\download.mp4 | length=8 | time=7.9583333333333
[Monday/June 30/06/2025 20:26:30] C:\Users\gal\Downloads\Tehran.S03\Tehran (2020) - S03E04 - Into the Fire [WEBDL-1080p][AAC 2.0][h264]-Kan.mkv | length=2680.88 | time=24.44
[Monday/June 30/06/2025 20:34:53] C:\Users\gal\Desktop\download.mp4 | length=8 | time=1.4166666666667
[Monday/June 30/06/2025 20:35:05] C:\Users\gal\Desktop\download (1).mp4 | length=8 | time=1.0833333333333
[Monday/June 30/06/2025 20:35:24] C:\Users\gal\Desktop\download (2).mp4 | length=8 | time=7.9583333333333
[Tuesday/July 01/07/2025 14:27:29] Tehran (2020) - S03E04 - Into the Fire [WEBDL-1080p][AAC 2.0][h264]-Kan.mkv | length=2680.88 | time=1995.96
[Wednesday/July 02/07/2025 13:08:33] Tehran (2020) - S03E04 - Into the Fire [WEBDL-1080p][AAC 2.0][h264]-Kan.mkv | length=2680.88 | time=2261.88
[Wednesday/July 02/07/2025 20:15:33] C:\Users\gal\Pictures\Camera Roll\WIN_20250622_11_35_29_Pro.mp4 | length=4.6573333333333 | time=4.4479666666667
[Wednesday/July 02/07/2025 20:18:32] C:\output\ltxv\000_00066.mp4 | length=4.0416666666667 | time=4
[Wednesday/July 02/07/2025 20:18:53] C:\output\KKW-LTX096Distil_00008.mp4 | length=4.84 | time=0.96
[Wednesday/July 02/07/2025 20:18:59] C:\output\KKW-LTX096Distil_00009.mp4 | length=4.84 | time=3.6
[Wednesday/July 02/07/2025 20:19:03] C:\output\KKW-LTX096Distil_00007.mp4 | length=4.84 | time=0.64
[Wednesday/July 02/07/2025 20:19:17] C:\output\KKW-LTX096Distil_00100.mp4 | length=4.52 | time=2.72
[Wednesday/July 02/07/2025 20:19:25] C:\output\KKW-LTX096Distil_00160.mp4 | length=4.84 | time=4.76
[Wednesday/July 02/07/2025 20:19:32] C:\output\KKW-LTX096Distil_00163.mp4 | length=4.84 | time=4.44
[Wednesday/July 02/07/2025 20:19:37] C:\output\KKW-LTX096Distil_00175.mp4 | length=4.52 | time=1.92
[Wednesday/July 02/07/2025 20:19:44] C:\output\KKW-LTX096Distil_00178.mp4 | length=4.52 | time=4.48
[Wednesday/July 02/07/2025 20:19:48] C:\output\KKW-LTX096Distil_00178.mp4 | length=4.52 | time=2.32
[Wednesday/July 02/07/2025 20:20:04] C:\output\ltxv_00013.mp4 | length=5.375 | time=2.25
[Wednesday/July 02/07/2025 20:20:14] C:\output\ltxv_00045.mp4 | length=4.0416666666667 | time=4
[Wednesday/July 02/07/2025 20:20:21] C:\output\ltxv_00033.mp4 | length=3.88 | time=3.84
[Wednesday/July 02/07/2025 20:20:31] C:\output\ltxv_00148.mp4 | length=4.0416666666667 | time=3.75
[Wednesday/July 02/07/2025 20:20:34] C:\output\ltxv_00145.mp4 | length=4.0416666666667 | time=1.2083333333333
[Wednesday/July 02/07/2025 20:20:37] C:\output\ltxv_00144.mp4 | length=4.0416666666667 | time=1.1666666666667
[Wednesday/July 02/07/2025 20:20:42] C:\output\ltxv_00146.mp4 | length=5.375 | time=3.7916666666667
[Wednesday/July 02/07/2025 20:20:47] C:\output\ltxv_00178.mp4 | length=4.0416666666667 | time=1.4166666666667
[Wednesday/July 02/07/2025 20:20:53] C:\output\ltxv_00180.mp4 | length=4.0416666666667 | time=3.9166666666667
[Wednesday/July 02/07/2025 20:20:56] C:\output\ltxv_00179.mp4 | length=4.0416666666667 | time=2.2083333333333
[Wednesday/July 02/07/2025 20:21:02] C:\output\ltxv_00182.mp4 | length=4.0416666666667 | time=2.8333333333333
[Wednesday/July 02/07/2025 20:22:56] C:\Users\gal\Desktop\download (2).mp4 | length=8 | time=0.70833333333333
[Thursday/July 03/07/2025 09:50:52] ./Tehran (2020) - S03E04 - Into the Fire [WEBDL-1080p][AAC 2.0][h264]-Kan.mkv | length=2680.88 | time=2597.4
[Thursday/July 03/07/2025 22:22:58] ./Tehran (2020) - S03E04 - Into the Fire [WEBDL-1080p][AAC 2.0][h264]-Kan.mkv | length=2680.88 | time=2600.08
[Thursday/July 03/07/2025 22:38:44] ./Tehran (2020) - S03E04 - Into the Fire [WEBDL-1080p][AAC 2.0][h264]-Kan.mkv | length=2680.88 | time=2612.16
[Thursday/July 03/07/2025 22:38:54] ./Tehran (2020) - S03E01 - Radioactive World [WEBDL-1080p][AAC 2.0][h264]-Kan.mkv | length=2936.08 | time=7.08
[Thursday/July 03/07/2025 22:39:02] Tehran (2020) - S03E05 - Unfinished Business [WEBDL-1080p][AAC 2.0][h264]-Kan.mkv | length=2101.16 | time=33.2
[Thursday/July 03/07/2025 22:39:07] ./Tehran (2020) - S03E05 - Unfinished Business [WEBDL-1080p][AAC 2.0][h264]-Kan.mkv | length=2101.16 | time=37.64
[Thursday/July 03/07/2025 22:39:12] ./Tehran (2020) - S03E01 - Radioactive World [WEBDL-1080p][AAC 2.0][h264]-Kan.mkv | length=2936.08 | time=1.08
[Friday/July 04/07/2025 10:09:54] Tehran (2020) - S03E05 - Unfinished Business [WEBDL-1080p][AAC 2.0][h264]-Kan.mkv | length=2101.16 | time=1632.88
[Friday/July 04/07/2025 12:04:30] ./Tehran (2020) - S03E01 - Radioactive World [WEBDL-1080p][AAC 2.0][h264]-Kan.mkv | length=2936.08 | time=5
[Saturday/July 05/07/2025 00:53:37] Tehran (2020) - S03E05 - Unfinished Business [WEBDL-1080p][AAC 2.0][h264]-Kan.mkv | length=2101.16 | time=2055.48
[Saturday/July 05/07/2025 01:37:22] Tehran.S03E06.1080p.WEB.h264-Kan.mkv | length=2388.32 | time=2339.16
[Saturday/July 05/07/2025 13:13:24] C:\Users\gal\Downloads\S03E07 - Nissan's Moment of Truth.mkv | length=2819.993 | time=184.423
[Sunday/July 06/07/2025 22:32:18] C:\Users\gal\Downloads\WhatsApp Video 2025-07-06 at 13.36.43_8a670ee9.mp4 | length=9.9149206349206 | time=9.3416666666667
[Tuesday/July 08/07/2025 13:30:10] C:\Users\gal\Downloads\WhatsApp Video 2025-07-08 at 13.24.04_1cf833cf.mp4 | length=64.614433333333 | time=54.350666666667
[Tuesday/July 15/07/2025 11:00:43] C:\Users\gal\Downloads\download.mp4 | length=1195.316893424 | time=1080.573
[Tuesday/July 15/07/2025 11:01:50] C:\Users\gal\Downloads\download.mp4 | length=2376.2370068027 | time=2128.644
[Tuesday/July 15/07/2025 11:06:00] C:\Users\gal\Downloads\download.mp4 | length=940.59399092971 | time=859.232
[Thursday/July 17/07/2025 23:24:29] C:\Users\gal\Downloads\[Anime Time] Attack On Titan (Complete Series) (S01-S04+OVA) [Dual Audio][BD][1080p][HEVC 10bit x265][AAC][Eng Sub]\[Anime Time] Attack on titan (Season 02)\[Anime Time] Attack On Titan - 26.mkv | length=1452.055 | time=98.953
[Thursday/July 17/07/2025 23:29:15] C:\Users\gal\Downloads\[Anime Time] Attack On Titan (Complete Series) (S01-S04+OVA) [Dual Audio][BD][1080p][HEVC 10bit x265][AAC][Eng Sub]\[Anime Time] Attack on titan (Season 02)\[Anime Time] Attack On Titan - 26.mkv | length=1452.055 | time=57.662
[Friday/July 18/07/2025 00:05:20] C:\Users\gal\Downloads\[Anime Time] Attack On Titan (Complete Series) (S01-S04+OVA) [Dual Audio][BD][1080p][HEVC 10bit x265][AAC][Eng Sub]\[Anime Time] Attack on titan (Season 02)\[Anime Time] Attack On Titan - 26.mkv | length=1452.055 | time=1452.013
[Friday/July 18/07/2025 01:44:26] C:\Users\gal\Downloads\[Anime Time] Attack On Titan (Complete Series) (S01-S04+OVA) [Dual Audio][BD][1080p][HEVC 10bit x265][AAC][Eng Sub]\[Anime Time] Attack on titan (Season 02)\[Anime Time] Attack On Titan - 27.mkv | length=1452.139 | time=1.272
[Friday/July 18/07/2025 02:02:31] C:\Users\gal\Downloads\[Anime Time] Attack On Titan (Complete Series) (S01-S04+OVA) [Dual Audio][BD][1080p][HEVC 10bit x265][AAC][Eng Sub]\[Anime Time] Attack on titan (Season 02)\[Anime Time] Attack On Titan - 27.mkv | length=1452.139 | time=1452.097
[Friday/July 18/07/2025 02:03:05] C:\Users\gal\Downloads\[Anime Time] Attack On Titan (Complete Series) (S01-S04+OVA) [Dual Audio][BD][1080p][HEVC 10bit x265][AAC][Eng Sub]\[Anime Time] Attack on titan (Season 02)\[Anime Time] Attack On Titan - 29.mkv | length=1452.055 | time=0
[Friday/July 18/07/2025 02:03:46] C:\Users\gal\Downloads\[Anime Time] Attack On Titan (Complete Series) (S01-S04+OVA) [Dual Audio][BD][1080p][HEVC 10bit x265][AAC][Eng Sub]\[Anime Time] Attack on titan (Season 02)\[Anime Time] Attack On Titan - 28.mkv | length=1452.097 | time=130.61
[Friday/July 18/07/2025 02:03:47] C:\Users\gal\Downloads\[Anime Time] Attack On Titan (Complete Series) (S01-S04+OVA) [Dual Audio][BD][1080p][HEVC 10bit x265][AAC][Eng Sub]\[Anime Time] Attack on titan (Season 02)\[Anime Time] Attack On Titan - 29.mkv | length=1452.055 | time=120.391
[Friday/July 18/07/2025 09:45:36] C:\Users\gal\Downloads\[Anime Time] Attack On Titan (Complete Series) (S01-S04+OVA) [Dual Audio][BD][1080p][HEVC 10bit x265][AAC][Eng Sub]\[Anime Time] Attack on titan (Season 02)\[Anime Time] Attack On Titan - 28.mkv | length=1452.097 | time=1452.055
[Friday/July 18/07/2025 09:47:20] ./[Anime Time] Attack On Titan - 26.mkv | length=1452.055 | time=252.085
[Friday/July 18/07/2025 11:21:25] [Anime Time] Attack On Titan - 28.mkv | length=1452.097 | time=10.74
[Friday/July 18/07/2025 12:44:00] [Anime Time] Attack On Titan - 28.mkv | length=1452.097 | time=1336.857
[Friday/July 18/07/2025 13:03:07] [Anime Time] Attack On Titan - 29.mkv | length=1452.055 | time=1452.013
[Friday/July 18/07/2025 13:04:56] [Anime Time] Attack On Titan - 30.mkv | length=1452.055 | time=132.904
[Friday/July 18/07/2025 13:08:09] [Anime Time] Attack On Titan - 26.mkv | length=1452.055 | time=1450.22
[Friday/July 18/07/2025 13:08:37] [Anime Time] Attack On Titan - 27.mkv | length=1452.139 | time=1315.085
[Friday/July 18/07/2025 13:08:53] [Anime Time] Attack On Titan - 28.mkv | length=1452.097 | time=243.097
[Friday/July 18/07/2025 13:10:23] [Anime Time] Attack On Titan - 29.mkv | length=1452.055 | time=1253.648
[Friday/July 18/07/2025 14:12:22] [Anime Time] Attack On Titan - 30.mkv | length=1452.055 | time=1331.852
[Friday/July 18/07/2025 14:13:23] [Anime Time] Attack On Titan - 31.mkv | length=1452.055 | time=1.105
[Friday/July 18/07/2025 14:29:41] [Anime Time] Attack On Titan - 31.mkv | length=1452.055 | time=97.577
[Friday/July 18/07/2025 14:54:11] [Anime Time] Attack On Titan - 31.mkv | length=1452.055 | time=351.873
[Friday/July 18/07/2025 14:54:20] [Anime Time] Attack On Titan - 31.mkv | length=1452.055 | time=0
[Saturday/July 19/07/2025 00:36:07] [Anime Time] Attack On Titan - 32.mkv | length=1452.097 | time=1452.055
[Saturday/July 19/07/2025 05:59:38] [Anime Time] Attack On Titan - 33.mkv | length=1451.972 | time=1202.347
[Saturday/July 19/07/2025 06:02:00] ./[Anime Time] Attack On Titan - 26.mkv | length=1452.055 | time=6.945
[Saturday/July 19/07/2025 06:03:02] [Anime Time] Attack On Titan - 33.mkv | length=1451.972 | time=1433.912
[Saturday/July 19/07/2025 11:40:43] [Anime Time] Attack On Titan - 34.mkv | length=1452.014 | time=57.745
[Saturday/July 19/07/2025 11:41:29] [Anime Time] Attack On Titan - 33.mkv | length=1451.972 | time=1382.903
[Saturday/July 19/07/2025 17:30:19] [Anime Time] Attack On Titan - 34.mkv | length=1452.014 | time=1421.524
[Saturday/July 19/07/2025 17:30:46] [Anime Time] Attack On Titan - 35.mkv | length=1452.181 | time=0
[Saturday/July 19/07/2025 17:52:11] [Anime Time] Attack On Titan - 36.mkv | length=1452.055 | time=0
[Saturday/July 19/07/2025 19:19:41] [Anime Time] Attack On Titan - 37.mkv | length=1422.067 | time=1421.358
[Saturday/July 19/07/2025 19:22:54] [Anime Time] Attack On Titan - 38.mkv | length=1436.039 | time=16.621
[Saturday/July 19/07/2025 19:23:03] [Anime Time] Attack On Titan - 38.mkv | length=1436.039 | time=0
[Saturday/July 19/07/2025 19:27:51] C:\Users\gal\Downloads\[Anime Time] Attack On Titan (Complete Series) (S01-S04+OVA) [Dual Audio][BD][1080p][HEVC 10bit x265][AAC][Eng Sub]\[Anime Time] Attack on titan (Season 03)\[Anime Time] Attack On Titan - 38.mkv | length=1436.039 | time=29.717
[Saturday/July 19/07/2025 19:28:07] C:\Users\gal\Downloads\[Anime Time] Attack On Titan (Complete Series) (S01-S04+OVA) [Dual Audio][BD][1080p][HEVC 10bit x265][AAC][Eng Sub]\[Anime Time] Attack on titan (Season 03)\NC\NCOP 01.mkv | length=91.029 | time=14.369
[Saturday/July 19/07/2025 19:28:21] C:\Users\gal\Downloads\[Anime Time] Attack On Titan (Complete Series) (S01-S04+OVA) [Dual Audio][BD][1080p][HEVC 10bit x265][AAC][Eng Sub]\[Anime Time] Attack on titan (Season 03)\[Anime Time] Attack On Titan - 39.mkv | length=1436.039 | time=9.113
[Sunday/July 20/07/2025 00:51:42] C:\Users\gal\Downloads\[Anime Time] Attack On Titan (Complete Series) (S01-S04+OVA) [Dual Audio][BD][1080p][HEVC 10bit x265][AAC][Eng Sub]\[Anime Time] Attack on titan (Season 02)\[Anime Time] Attack On Titan - 37.mkv | length=1422.067 | time=211.232
[Sunday/July 20/07/2025 01:20:22] C:\Users\gal\Downloads\[Anime Time] Attack On Titan (Complete Series) (S01-S04+OVA) [Dual Audio][BD][1080p][HEVC 10bit x265][AAC][Eng Sub]\[Anime Time] Attack on titan (Season 03)\[Anime Time] Attack On Titan - 38.mkv | length=1436.039 | time=871.058
[Sunday/July 20/07/2025 01:41:44] C:\Users\gal\Downloads\[Anime Time] Attack On Titan (Complete Series) (S01-S04+OVA) [Dual Audio][BD][1080p][HEVC 10bit x265][AAC][Eng Sub]\[Anime Time] Attack on titan (Season 03)\[Anime Time] Attack On Titan - 38.mkv | length=1436.039 | time=1320.465
[Monday/July 21/07/2025 01:27:15] C:\Users\gal\Downloads\[Anime Time] Attack On Titan (Complete Series) (S01-S04+OVA) [Dual Audio][BD][1080p][HEVC 10bit x265][AAC][Eng Sub]\[Anime Time] Attack on titan (Season 03)\[Anime Time] Attack On Titan - 39.mkv | length=1436.039 | time=511.198
[Monday/July 21/07/2025 01:52:43] ./Downloads/[Anime Time] Attack On Titan (Complete Series) (S01-S04+OVA) [Dual Audio][BD][1080p][HEVC 10bit x265][AAC][Eng Sub]/[Anime Time] Attack on titan (Season 03)/[Anime Time] Attack On Titan - 39.mkv | length=1436.039 | time=860.631
[Monday/July 21/07/2025 01:53:04] ./Downloads/[Anime Time] Attack On Titan (Complete Series) (S01-S04+OVA) [Dual Audio][BD][1080p][HEVC 10bit x265][AAC][Eng Sub]/[Anime Time] Attack on titan (Season 03)/[Anime Time] Attack On Titan - 39.mkv | length=1436.039 | time=866.053
[Monday/July 21/07/2025 02:16:24] ./Downloads/[Anime Time] Attack On Titan (Complete Series) (S01-S04+OVA) [Dual Audio][BD][1080p][HEVC 10bit x265][AAC][Eng Sub]/[Anime Time] Attack on titan (Season 03)/[Anime Time] Attack On Titan - 39.mkv | length=1436.039 | time=1423.193
[Monday/July 21/07/2025 02:36:39] [Anime Time] Attack On Titan - 40.mkv | length=1436.039 | time=420.733
[Monday/July 21/07/2025 23:57:31] ./Downloads/[Anime Time] Attack On Titan (Complete Series) (S01-S04+OVA) [Dual Audio][BD][1080p][HEVC 10bit x265][AAC][Eng Sub]/[Anime Time] Attack on titan (Season 03)/[Anime Time] Attack On Titan - 40.mkv | length=1436.039 | time=1421.024
[Monday/July 21/07/2025 23:57:48] ./Downloads/[Anime Time] Attack On Titan (Complete Series) (S01-S04+OVA) [Dual Audio][BD][1080p][HEVC 10bit x265][AAC][Eng Sub]/[Anime Time] Attack on titan (Season 03)/[Anime Time] Attack On Titan - 40.mkv | length=1436.039 | time=1423.86
[Monday/July 21/07/2025 23:59:09] ./Downloads/[Anime Time] Attack On Titan (Complete Series) (S01-S04+OVA) [Dual Audio][BD][1080p][HEVC 10bit x265][AAC][Eng Sub]/[Anime Time] Attack on titan (Season 03)/[Anime Time] Attack On Titan - 40.mkv | length=1436.039 | time=1435.997
[Tuesday/July 22/07/2025 10:12:39] ./out.png | length=0 | time=0
[Tuesday/July 22/07/2025 10:19:44] ./Downloads/[Anime Time] Attack On Titan (Complete Series) (S01-S04+OVA) [Dual Audio][BD][1080p][HEVC 10bit x265][AAC][Eng Sub]/[Anime Time] Attack on titan (Season 03)/[Anime Time] Attack On Titan - 41.mkv | length=1436.039 | time=1095.198
[Tuesday/July 22/07/2025 10:19:51] ./Downloads/[Anime Time] Attack On Titan (Complete Series) (S01-S04+OVA) [Dual Audio][BD][1080p][HEVC 10bit x265][AAC][Eng Sub]/[Anime Time] Attack on titan (Season 03)/[Anime Time] Attack On Titan - 41.mkv | length=1436.039 | time=1096.95
[Tuesday/July 22/07/2025 21:05:16] ./Downloads/[Anime Time] Attack On Titan (Complete Series) (S01-S04+OVA) [Dual Audio][BD][1080p][HEVC 10bit x265][AAC][Eng Sub]/[Anime Time] Attack on titan (Season 03)/[Anime Time] Attack On Titan - 41.mkv | length=1436.039 | time=1423.86
[Tuesday/July 22/07/2025 22:14:52] ./Downloads/[Anime Time] Attack On Titan (Complete Series) (S01-S04+OVA) [Dual Audio][BD][1080p][HEVC 10bit x265][AAC][Eng Sub]/[Anime Time] Attack on titan (Season 03)/[Anime Time] Attack On Titan - 42.mkv | length=1436.039 | time=1423.193
[Tuesday/July 22/07/2025 22:23:02] ./Downloads/[Anime Time] Attack On Titan (Complete Series) (S01-S04+OVA) [Dual Audio][BD][1080p][HEVC 10bit x265][AAC][Eng Sub]/[Anime Time] Attack on titan (Season 03)/[Anime Time] Attack On Titan - 43.mkv | length=1436.039 | time=339.694
[Tuesday/July 22/07/2025 22:23:05] ./Downloads/[Anime Time] Attack On Titan (Complete Series) (S01-S04+OVA) [Dual Audio][BD][1080p][HEVC 10bit x265][AAC][Eng Sub]/[Anime Time] Attack on titan (Season 03)/[Anime Time] Attack On Titan - 47.mkv | length=1436.039 | time=0.021
[Tuesday/July 22/07/2025 22:23:10] ./Downloads/[Anime Time] Attack On Titan (Complete Series) (S01-S04+OVA) [Dual Audio][BD][1080p][HEVC 10bit x265][AAC][Eng Sub]/[Anime Time] Attack on titan (Season 03)/[Anime Time] Attack On Titan - 48.mkv | length=1436.039 | time=0
[Tuesday/July 22/07/2025 22:23:22] ./Downloads/[Anime Time] Attack On Titan (Complete Series) (S01-S04+OVA) [Dual Audio][BD][1080p][HEVC 10bit x265][AAC][Eng Sub]/[Anime Time] Attack on titan (Season 03)/[Anime Time] Attack On Titan - 50.mkv | length=1436.039 | time=0.813
[Tuesday/July 22/07/2025 22:39:48] ./Downloads/[Anime Time] Attack On Titan (Complete Series) (S01-S04+OVA) [Dual Audio][BD][1080p][HEVC 10bit x265][AAC][Eng Sub]/[Anime Time] Attack on titan (Season 03)/[Anime Time] Attack On Titan - 43.mkv | length=1436.039 | time=381.652
[Thursday/July 24/07/2025 01:33:03] ./Downloads/[Anime Time] Attack On Titan (Complete Series) (S01-S04+OVA) [Dual Audio][BD][1080p][HEVC 10bit x265][AAC][Eng Sub]/[Anime Time] Attack on titan (Season 03)/[Anime Time] Attack On Titan - 43.mkv | length=1436.039 | time=1435.997
[Thursday/July 24/07/2025 01:50:31] ./Downloads/[Anime Time] Attack On Titan (Complete Series) (S01-S04+OVA) [Dual Audio][BD][1080p][HEVC 10bit x265][AAC][Eng Sub]/[Anime Time] Attack on titan (Season 03)/[Anime Time] Attack On Titan - 44.mkv | length=1436.039 | time=1436.039
[Thursday/July 24/07/2025 02:10:24] ./Downloads/[Anime Time] Attack On Titan (Complete Series) (S01-S04+OVA) [Dual Audio][BD][1080p][HEVC 10bit x265][AAC][Eng Sub]/[Anime Time] Attack on titan (Season 03)/[Anime Time] Attack On Titan - 45.mkv | length=1436.039 | time=437.375
[Thursday/July 24/07/2025 02:11:41] ./[Anime Time] Attack On Titan - 38.mkv | length=1436.039 | time=20.959
[Thursday/July 24/07/2025 02:42:47] [Anime Time] Attack On Titan - 45.mkv | length=1436.039 | time=1435.997
[Thursday/July 24/07/2025 02:59:51] [Anime Time] Attack On Titan - 46.mkv | length=1436.039 | time=702.264
[Thursday/July 24/07/2025 20:48:05] ./Downloads/[Anime Time] Attack On Titan (Complete Series) (S01-S04+OVA) [Dual Audio][BD][1080p][HEVC 10bit x265][AAC][Eng Sub]/[Anime Time] Attack on titan (Season 03)/[Anime Time] Attack On Titan - 46.mkv | length=1436.039 | time=2.69
[Thursday/July 24/07/2025 20:48:51] ./Downloads/[Anime Time] Attack On Titan (Complete Series) (S01-S04+OVA) [Dual Audio][BD][1080p][HEVC 10bit x265][AAC][Eng Sub]/[Anime Time] Attack on titan (Season 03)/[Anime Time] Attack On Titan - 45.mkv | length=1436.039 | time=1313.834
[Thursday/July 24/07/2025 20:48:56] ./Downloads/[Anime Time] Attack On Titan (Complete Series) (S01-S04+OVA) [Dual Audio][BD][1080p][HEVC 10bit x265][AAC][Eng Sub]/[Anime Time] Attack on titan (Season 03)/[Anime Time] Attack On Titan - 45.mkv | length=1436.039 | time=1316.878
[Thursday/July 24/07/2025 22:14:20] ./Downloads/[Anime Time] Attack On Titan (Complete Series) (S01-S04+OVA) [Dual Audio][BD][1080p][HEVC 10bit x265][AAC][Eng Sub]/[Anime Time] Attack on titan (Season 03)/[Anime Time] Attack On Titan - 46.mkv | length=1436.039 | time=1436.039
[Thursday/July 24/07/2025 22:15:30] [Anime Time] Attack On Titan - 46.mkv | length=1436.039 | time=1435.997
[Thursday/July 24/07/2025 23:08:38] [Anime Time] Attack On Titan - 46.mkv | length=1436.039 | time=1413.85
[Friday/July 25/07/2025 01:03:21] [Anime Time] Attack On Titan - 47.mkv | length=1436.039 | time=615.636
[Friday/July 25/07/2025 01:04:58] [Anime Time] Attack On Titan - 47.mkv | length=1436.039 | time=644.206
[Friday/July 25/07/2025 13:40:02] ./mpv-shot0005.jpg | length=0 | time=0
[Friday/July 25/07/2025 15:05:06] [Anime Time] Attack On Titan - 47.mkv | length=1436.039 | time=1436.039
[Friday/July 25/07/2025 22:48:21] [Anime Time] Attack On Titan - 48.mkv | length=1436.039 | time=1435.997
[Friday/July 25/07/2025 22:48:39] [Anime Time] Attack On Titan - 48.mkv | length=1436.039 | time=0
[Friday/July 25/07/2025 23:58:28] [Anime Time] Attack On Titan - 49.mkv | length=1421.024 | time=1420.982
[Friday/July 25/07/2025 23:58:53] C:\Users\gal\Downloads\[Anime Time] Attack On Titan (Complete Series) (S01-S04+OVA) [Dual Audio][BD][1080p][HEVC 10bit x265][AAC][Eng Sub]\[Anime Time] Attack on titan (Season 03)\[Anime Time] Attack On Titan - 50.mkv | length=1436.039 | time=0
[Saturday/July 26/07/2025 00:21:48] C:\Users\gal\Downloads\[Anime Time] Attack On Titan (Complete Series) (S01-S04+OVA) [Dual Audio][BD][1080p][HEVC 10bit x265][AAC][Eng Sub]\[Anime Time] Attack on titan (Season 03)\[Anime Time] Attack On Titan - 50.mkv | length=1436.039 | time=1435.997
[Saturday/July 26/07/2025 12:24:26] C:\Users\gal\Downloads\[Anime Time] Attack On Titan (Complete Series) (S01-S04+OVA) [Dual Audio][BD][1080p][HEVC 10bit x265][AAC][Eng Sub]\[Anime Time] Attack on titan (Season 03)\[Anime Time] Attack On Titan - 51.mkv | length=1436.039 | time=808.996
[Monday/July 28/07/2025 23:48:27] ./[Anime Time] Attack On Titan - 51.mkv | length=1436.039 | time=563.334
[Tuesday/July 29/07/2025 00:01:02] ./[Anime Time] Attack On Titan - 51.mkv | length=1436.039 | time=1423.068
[Tuesday/July 29/07/2025 00:01:18] ./[Anime Time] Attack On Titan - 52.mkv | length=1436.039 | time=99.037
[Tuesday/July 29/07/2025 00:01:37] ./[Anime Time] Attack On Titan - 38.mkv | length=1436.039 | time=10.657
[Tuesday/July 29/07/2025 00:01:54] ./[Anime Time] Attack On Titan - 51.mkv | length=1436.039 | time=1435.997
[Tuesday/July 29/07/2025 00:02:54] [Anime Time] Attack On Titan - 52.mkv | length=1436.039 | time=128.066
[Tuesday/July 29/07/2025 00:04:05] C:\Users\gal\Downloads\[Anime Time] Attack On Titan (Complete Series) (S01-S04+OVA) [Dual Audio][BD][1080p][HEVC 10bit x265][AAC][Eng Sub]\[Anime Time] Attack on titan (Season 03)\[Anime Time] Attack On Titan - 51.mkv | length=1436.039 | time=1435.997
[Tuesday/July 29/07/2025 00:26:37] C:\Users\gal\Downloads\[Anime Time] Attack On Titan (Complete Series) (S01-S04+OVA) [Dual Audio][BD][1080p][HEVC 10bit x265][AAC][Eng Sub]\[Anime Time] Attack on titan (Season 03)\[Anime Time] Attack On Titan - 52.mkv | length=1436.039 | time=1435.997
[Tuesday/July 29/07/2025 01:04:05] C:\Users\gal\Downloads\[Anime Time] Attack On Titan (Complete Series) (S01-S04+OVA) [Dual Audio][BD][1080p][HEVC 10bit x265][AAC][Eng Sub]\[Anime Time] Attack on titan (Season 03)\[Anime Time] Attack On Titan - 53.mkv | length=1436.039 | time=1435.997
[Tuesday/July 29/07/2025 01:21:14] C:\Users\gal\Downloads\[Anime Time] Attack On Titan (Complete Series) (S01-S04+OVA) [Dual Audio][BD][1080p][HEVC 10bit x265][AAC][Eng Sub]\[Anime Time] Attack on titan (Season 03)\[Anime Time] Attack On Titan - 54.mkv | length=1436.039 | time=1332.894
[Tuesday/July 29/07/2025 01:35:06] C:\Users\gal\Downloads\[Anime Time] Attack On Titan (Complete Series) (S01-S04+OVA) [Dual Audio][BD][1080p][HEVC 10bit x265][AAC][Eng Sub]\[Anime Time] Attack on titan (Season 03)\[Anime Time] Attack On Titan - 55.mkv | length=1436.039 | time=1330.433
[Tuesday/July 29/07/2025 01:56:31] C:\Users\gal\Downloads\[Anime Time] Attack On Titan (Complete Series) (S01-S04+OVA) [Dual Audio][BD][1080p][HEVC 10bit x265][AAC][Eng Sub]\[Anime Time] Attack on titan (Season 03)\[Anime Time] Attack On Titan - 56.mkv | length=1436.039 | time=1309.746
[Tuesday/July 29/07/2025 01:59:49] C:\Users\gal\Downloads\[Anime Time] Attack On Titan (Complete Series) (S01-S04+OVA) [Dual Audio][BD][1080p][HEVC 10bit x265][AAC][Eng Sub]\[Anime Time] Attack on titan (Season 03)\[Anime Time] Attack On Titan - 56.mkv | length=1436.039 | time=1420.523
[Tuesday/July 29/07/2025 02:25:12] C:\Users\gal\Downloads\[Anime Time] Attack On Titan (Complete Series) (S01-S04+OVA) [Dual Audio][BD][1080p][HEVC 10bit x265][AAC][Eng Sub]\[Anime Time] Attack on titan (Season 03)\[Anime Time] Attack On Titan - 57.mkv | length=1436.039 | time=1420.085
[Tuesday/July 29/07/2025 02:30:08] C:\Users\gal\Downloads\[Anime Time] Attack On Titan (Complete Series) (S01-S04+OVA) [Dual Audio][BD][1080p][HEVC 10bit x265][AAC][Eng Sub]\[Anime Time] Attack on titan (Season 03)\[Anime Time] Attack On Titan - 58.mkv | length=1436.039 | time=347.994
[Tuesday/July 29/07/2025 11:43:43] C:\Users\gal\Downloads\[Anime Time] Attack On Titan (Complete Series) (S01-S04+OVA) [Dual Audio][BD][1080p][HEVC 10bit x265][AAC][Eng Sub]\[Anime Time] Attack on titan (Season 03)\[Anime Time] Attack On Titan - 58.mkv | length=1436.039 | time=144.457
[Tuesday/July 29/07/2025 11:43:49] C:\Users\gal\Downloads\[Anime Time] Attack On Titan (Complete Series) (S01-S04+OVA) [Dual Audio][BD][1080p][HEVC 10bit x265][AAC][Eng Sub]\[Anime Time] Attack on titan (Season 03)\[Anime Time] Attack On Titan - 59.mkv | length=1421.024 | time=0.271
[Tuesday/July 29/07/2025 16:35:55] C:\Users\gal\Downloads\[Anime Time] Attack On Titan (Complete Series) (S01-S04+OVA) [Dual Audio][BD][1080p][HEVC 10bit x265][AAC][Eng Sub]\[Anime Time] Attack on titan (Season 03)\[Anime Time] Attack On Titan - 58.mkv | length=1436.039 | time=1406.927
[Tuesday/July 29/07/2025 18:47:46] C:\Users\gal\Downloads\[Anime Time] Attack On Titan (Complete Series) (S01-S04+OVA) [Dual Audio][BD][1080p][HEVC 10bit x265][AAC][Eng Sub]\[Anime Time] Attack On Titan (Season 4 Part 1)\[Anime Time] Attack On Titan - 60.mkv | length=1436.436 | time=1436.393
[Wednesday/July 30/07/2025 00:17:21] C:\Users\gal\Downloads\[Anime Time] Attack On Titan (Complete Series) (S01-S04+OVA) [Dual Audio][BD][1080p][HEVC 10bit x265][AAC][Eng Sub]\[Anime Time] Attack On Titan (Season 4 Part 1)\[Anime Time] Attack On Titan - 61.mkv | length=1436.436 | time=1436.393
[Wednesday/July 30/07/2025 13:42:01] C:\Users\gal\Downloads\[Anime Time] Attack On Titan (Complete Series) (S01-S04+OVA) [Dual Audio][BD][1080p][HEVC 10bit x265][AAC][Eng Sub]\[Anime Time] Attack On Titan (Season 4 Part 1)\[Anime Time] Attack On Titan - 61.mkv | length=1436.436 | time=1429.887
[Wednesday/July 30/07/2025 16:51:45] C:\Users\gal\Downloads\[Anime Time] Attack On Titan (Complete Series) (S01-S04+OVA) [Dual Audio][BD][1080p][HEVC 10bit x265][AAC][Eng Sub]\[Anime Time] Attack On Titan (Season 4 Part 1)\[Anime Time] Attack On Titan - 63.mkv | length=1436.436 | time=365.49
[Wednesday/July 30/07/2025 19:05:35] C:\Users\gal\Downloads\The Running Man (1987) [BluRay] [1080p] [YTS.AM]\The.Running.Man.1987.1080p.BluRay.x264-[YTS.AM].mp4 | length=6043.295 | time=6038.902875
[Wednesday/July 30/07/2025 19:07:22] C:\Users\gal\Downloads\[Anime Time] Attack On Titan (Complete Series) (S01-S04+OVA) [Dual Audio][BD][1080p][HEVC 10bit x265][AAC][Eng Sub]\[Anime Time] Attack On Titan (Season 4 Part 1)\[Anime Time] Attack On Titan - 61.mkv | length=1436.436 | time=1252.334
[Wednesday/July 30/07/2025 19:10:06] C:\Users\gal\Downloads\[Anime Time] Attack On Titan (Complete Series) (S01-S04+OVA) [Dual Audio][BD][1080p][HEVC 10bit x265][AAC][Eng Sub]\[Anime Time] Attack On Titan (Season 4 Part 1)\[Anime Time] Attack On Titan - 62.mkv | length=1436.436 | time=438.521
[Wednesday/July 30/07/2025 19:10:13] C:\Users\gal\Downloads\[Anime Time] Attack On Titan (Complete Series) (S01-S04+OVA) [Dual Audio][BD][1080p][HEVC 10bit x265][AAC][Eng Sub]\[Anime Time] Attack On Titan (Season 4 Part 1)\[Anime Time] Attack On Titan - 63.mkv | length=1436.436 | time=368.827
[Wednesday/July 30/07/2025 20:15:05] C:\Users\gal\Downloads\[Anime Time] Attack On Titan (Complete Series) (S01-S04+OVA) [Dual Audio][BD][1080p][HEVC 10bit x265][AAC][Eng Sub]\[Anime Time] Attack On Titan (Season 4 Part 1)\[Anime Time] Attack On Titan - 63.mkv | length=1436.436 | time=1418.417
[Wednesday/July 30/07/2025 20:35:32] C:\Users\gal\Downloads\[Anime Time] Attack On Titan (Complete Series) (S01-S04+OVA) [Dual Audio][BD][1080p][HEVC 10bit x265][AAC][Eng Sub]\[Anime Time] Attack On Titan (Season 4 Part 1)\[Anime Time] Attack On Titan - 64.mkv | length=1436.436 | time=1436.393
[Wednesday/July 30/07/2025 20:54:39] C:\Users\gal\Downloads\[Anime Time] Attack On Titan (Complete Series) (S01-S04+OVA) [Dual Audio][BD][1080p][HEVC 10bit x265][AAC][Eng Sub]\[Anime Time] Attack On Titan (Season 4 Part 1)\[Anime Time] Attack On Titan - 65.mkv | length=1436.436 | time=1328.702
[Wednesday/July 30/07/2025 20:54:53] C:\Users\gal\Downloads\[Anime Time] Attack On Titan (Complete Series) (S01-S04+OVA) [Dual Audio][BD][1080p][HEVC 10bit x265][AAC][Eng Sub]\[Anime Time] Attack On Titan (Season 4 Part 1)\[Anime Time] Attack On Titan - 62.mkv | length=1436.436 | time=1430.554
[Wednesday/July 30/07/2025 21:16:32] C:\Users\gal\Downloads\[Anime Time] Attack On Titan (Complete Series) (S01-S04+OVA) [Dual Audio][BD][1080p][HEVC 10bit x265][AAC][Eng Sub]\[Anime Time] Attack On Titan (Season 4 Part 1)\[Anime Time] Attack On Titan - 66.mkv | length=1436.436 | time=1436.393
[Wednesday/July 30/07/2025 21:16:44] C:\Users\gal\Downloads\[Anime Time] Attack On Titan (Complete Series) (S01-S04+OVA) [Dual Audio][BD][1080p][HEVC 10bit x265][AAC][Eng Sub]\[Anime Time] Attack On Titan (Season 4 Part 1)\[Anime Time] Attack On Titan - 66.mkv | length=1436.436 | time=2.544
[Wednesday/July 30/07/2025 21:16:52] C:\Users\gal\Downloads\[Anime Time] Attack On Titan (Complete Series) (S01-S04+OVA) [Dual Audio][BD][1080p][HEVC 10bit x265][AAC][Eng Sub]\[Anime Time] Attack On Titan (Season 4 Part 1)\[Anime Time] Attack On Titan - 65.mkv | length=1436.436 | time=1264.138
[Wednesday/July 30/07/2025 21:17:04] C:\Users\gal\Downloads\[Anime Time] Attack On Titan (Complete Series) (S01-S04+OVA) [Dual Audio][BD][1080p][HEVC 10bit x265][AAC][Eng Sub]\[Anime Time] Attack On Titan (Season 4 Part 1)\[Anime Time] Attack On Titan - 66.mkv | length=1436.436 | time=1215.464
[Wednesday/July 30/07/2025 23:50:22] C:\Users\gal\Downloads\[Anime Time] Attack On Titan (Complete Series) (S01-S04+OVA) [Dual Audio][BD][1080p][HEVC 10bit x265][AAC][Eng Sub]\[Anime Time] Attack On Titan (Season 4 Part 1)\[Anime Time] Attack On Titan - 67.mkv | length=1436.436 | time=1334.959
[Thursday/July 31/07/2025 00:11:31] C:\Users\gal\Downloads\[Anime Time] Attack On Titan (Complete Series) (S01-S04+OVA) [Dual Audio][BD][1080p][HEVC 10bit x265][AAC][Eng Sub]\[Anime Time] Attack On Titan (Season 4 Part 1)\[Anime Time] Attack On Titan - 68.mkv | length=1436.436 | time=1436.393
[Thursday/July 31/07/2025 09:08:21] C:\Users\gal\Downloads\[Anime Time] Attack On Titan (Complete Series) (S01-S04+OVA) [Dual Audio][BD][1080p][HEVC 10bit x265][AAC][Eng Sub]\[Anime Time] Attack On Titan (Season 4 Part 1)\[Anime Time] Attack On Titan - 68.mkv | length=1436.436 | time=1380.588
[Thursday/July 31/07/2025 13:28:07] C:\Users\gal\Downloads\[Anime Time] Attack On Titan (Complete Series) (S01-S04+OVA) [Dual Audio][BD][1080p][HEVC 10bit x265][AAC][Eng Sub]\[Anime Time] Attack On Titan (Season 4 Part 1)\[Anime Time] Attack On Titan - 69.mkv | length=1436.436 | time=1331.789
[Thursday/July 31/07/2025 15:48:22] C:\Users\gal\Downloads\[Anime Time] Attack On Titan (Complete Series) (S01-S04+OVA) [Dual Audio][BD][1080p][HEVC 10bit x265][AAC][Eng Sub]\[Anime Time] Attack On Titan (Season 4 Part 1)\[Anime Time] Attack On Titan - 70.mkv | length=1436.436 | time=1426.091
[Thursday/July 31/07/2025 16:14:58] C:\Users\gal\Downloads\[Anime Time] Attack On Titan (Complete Series) (S01-S04+OVA) [Dual Audio][BD][1080p][HEVC 10bit x265][AAC][Eng Sub]\[Anime Time] Attack On Titan (Season 4 Part 1)\[Anime Time] Attack On Titan - 71.mkv | length=1436.436 | time=1433.974
[Friday/August 01/08/2025 00:55:21] C:\Users\gal\Downloads\[Anime Time] Attack On Titan (Complete Series) (S01-S04+OVA) [Dual Audio][BD][1080p][HEVC 10bit x265][AAC][Eng Sub]\[Anime Time] Attack On Titan (Season 4 Part 1)\[Anime Time] Attack On Titan - 72.mkv | length=1436.436 | time=1330.287
[Friday/August 01/08/2025 01:00:31] C:\Users\gal\Downloads\[Anime Time] Attack On Titan (Complete Series) (S01-S04+OVA) [Dual Audio][BD][1080p][HEVC 10bit x265][AAC][Eng Sub]\[Anime Time] Attack On Titan (Season 4 Part 1)\[Anime Time] Attack On Titan - 62.mkv | length=1436.436 | time=2.252
[Friday/August 01/08/2025 01:00:33] C:\Users\gal\Downloads\[Anime Time] Attack On Titan (Complete Series) (S01-S04+OVA) [Dual Audio][BD][1080p][HEVC 10bit x265][AAC][Eng Sub]\[Anime Time] Attack On Titan (Season 4 Part 1)\[Anime Time] Attack On Titan - 72.mkv | length=1436.436 | time=1331.08
[Friday/August 01/08/2025 01:52:39] C:\Users\gal\Downloads\[Anime Time] Attack On Titan (Complete Series) (S01-S04+OVA) [Dual Audio][BD][1080p][HEVC 10bit x265][AAC][Eng Sub]\[Anime Time] Attack On Titan (Season 4 Part 1)\[Anime Time] Attack On Titan - 73.mkv | length=1436.436 | time=1315.064
[Friday/August 01/08/2025 22:46:17] C:\Users\gal\Downloads\[Anime Time] Attack On Titan (Complete Series) (S01-S04+OVA) [Dual Audio][BD][1080p][HEVC 10bit x265][AAC][Eng Sub]\[Anime Time] Attack On Titan (Season 4 Part 1)\[Anime Time] Attack On Titan - 74.mkv | length=1436.436 | time=1397.479
[Friday/August 01/08/2025 23:23:25] C:\Users\gal\Downloads\[Anime Time] Attack On Titan (Complete Series) (S01-S04+OVA) [Dual Audio][BD][1080p][HEVC 10bit x265][AAC][Eng Sub]\[Anime Time] Attack On Titan (Season 4 Part 1)\[Anime Time] Attack On Titan - 75.mkv | length=1435.1 | time=1329.036
[Saturday/August 02/08/2025 00:12:37] C:\Users\gal\Downloads\[Anime Time] Attack On Titan (Complete Series) (S01-S04+OVA) [Dual Audio][BD][1080p][HEVC 10bit x265][AAC][Eng Sub]\[Anime Time] Attack On Titan (Season 4 Part 1)\[Anime Time] Attack On Titan - 75.mkv | length=1435.1 | time=1326.617
[Saturday/August 02/08/2025 01:19:05] C:\Users\gal\Downloads\[Anime Time] Attack On Titan (Complete Series) (S01-S04+OVA) [Dual Audio][BD][1080p][HEVC 10bit x265][AAC][Eng Sub]\[Anime Time] Attack On Titan (Season 4 Part 2)\[Anime Time] Attack On Titan - 76.mkv | length=1436.435 | time=1332.456
[Saturday/August 02/08/2025 18:18:48] C:\Users\gal\Downloads\[Anime Time] Attack On Titan (Complete Series) (S01-S04+OVA) [Dual Audio][BD][1080p][HEVC 10bit x265][AAC][Eng Sub]\[Anime Time] Attack On Titan (Season 4 Part 2)\[Anime Time] Attack On Titan - 77.mkv | length=1436.435 | time=1332.456
[Saturday/August 02/08/2025 18:31:28] C:\Users\gal\Downloads\[Anime Time] Attack On Titan (Complete Series) (S01-S04+OVA) [Dual Audio][BD][1080p][HEVC 10bit x265][AAC][Eng Sub]\[Anime Time] Attack On Titan (Season 4 Part 2)\[Anime Time] Attack On Titan - 78.mkv | length=1436.435 | time=1330.788
[Saturday/August 02/08/2025 22:33:00] C:\Users\gal\Downloads\[Anime Time] Attack On Titan (Complete Series) (S01-S04+OVA) [Dual Audio][BD][1080p][HEVC 10bit x265][AAC][Eng Sub]\[Anime Time] Attack On Titan (Season 4 Part 2)\[Anime Time] Attack On Titan - 79.mkv | length=1436.435 | time=1335.958
[Saturday/August 02/08/2025 22:33:17] C:\Users\gal\Downloads\[Anime Time] Attack On Titan (Complete Series) (S01-S04+OVA) [Dual Audio][BD][1080p][HEVC 10bit x265][AAC][Eng Sub]\[Anime Time] Attack On Titan (Season 4 Part 2)\[Anime Time] Attack On Titan - 79.mkv | length=1436.435 | time=1353.542
[Saturday/August 02/08/2025 23:47:00] C:\Users\gal\Downloads\[Anime Time] Attack On Titan (Complete Series) (S01-S04+OVA) [Dual Audio][BD][1080p][HEVC 10bit x265][AAC][Eng Sub]\[Anime Time] Attack On Titan (Season 4 Part 2)\[Anime Time] Attack On Titan - 80.mkv | length=1436.435 | time=1329.787
[Sunday/August 03/08/2025 00:03:13] C:\Users\gal\Downloads\[Anime Time] Attack On Titan (Complete Series) (S01-S04+OVA) [Dual Audio][BD][1080p][HEVC 10bit x265][AAC][Eng Sub]\[Anime Time] Attack On Titan (Season 4 Part 2)\[Anime Time] Attack On Titan - 81.mkv | length=1436.435 | time=1329.787
[Sunday/August 03/08/2025 00:28:44] C:\Users\gal\Downloads\[Anime Time] Attack On Titan (Complete Series) (S01-S04+OVA) [Dual Audio][BD][1080p][HEVC 10bit x265][AAC][Eng Sub]\[Anime Time] Attack On Titan (Season 4 Part 2)\[Anime Time] Attack On Titan - 82.mkv | length=1436.435 | time=1436.393
[Sunday/August 03/08/2025 04:49:33] C:\Users\gal\Downloads\[Anime Time] Attack On Titan (Complete Series) (S01-S04+OVA) [Dual Audio][BD][1080p][HEVC 10bit x265][AAC][Eng Sub]\[Anime Time] Attack On Titan (Season 4 Part 2)\[Anime Time] Attack On Titan - 82.mkv | length=1436.435 | time=0
[Sunday/August 03/08/2025 10:28:39] C:\Users\gal\Downloads\[Anime Time] Attack On Titan (Complete Series) (S01-S04+OVA) [Dual Audio][BD][1080p][HEVC 10bit x265][AAC][Eng Sub]\[Anime Time] Attack On Titan (Season 4 Part 2)\[Anime Time] Attack On Titan - 82.mkv | length=1436.435 | time=1360.568
[Sunday/August 03/08/2025 20:14:54] ./[Anime Time] Attack On Titan - 76.mkv | length=1436.435 | time=7.174
[Monday/August 04/08/2025 09:03:28] C:\Users\gal\Downloads\[Anime Time] Attack On Titan (Complete Series) (S01-S04+OVA) [Dual Audio][BD][1080p][HEVC 10bit x265][AAC][Eng Sub]\[Anime Time] Attack On Titan (Season 4 Part 2)\[Anime Time] Attack On Titan - 83.mkv | length=1436.435 | time=972.221
[Monday/August 04/08/2025 09:38:47] C:\Users\gal\Downloads\[Anime Time] Attack On Titan (Complete Series) (S01-S04+OVA) [Dual Audio][BD][1080p][HEVC 10bit x265][AAC][Eng Sub]\[Anime Time] Attack On Titan (Season 4 Part 2)\[Anime Time] Attack On Titan - 84.mkv | length=1436.435 | time=1421.92
[Tuesday/August 05/08/2025 01:16:14] C:\Users\gal\Downloads\[Anime Time] Attack On Titan (Complete Series) (S01-S04+OVA) [Dual Audio][BD][1080p][HEVC 10bit x265][AAC][Eng Sub]\[Anime Time] Attack On Titan (Season 4 Part 2)\[Anime Time] Attack On Titan - 84.mkv | length=1436.435 | time=1314.188
[Tuesday/August 05/08/2025 21:59:05] ./Downloads/[Anime Time] Attack On Titan (Complete Series) (S01-S04+OVA) [Dual Audio][BD][1080p][HEVC 10bit x265][AAC][Eng Sub]/[Anime Time] Attack On Titan (Season 4 Part 2)/[Anime Time] Attack On Titan - 85.mkv | length=1436.435 | time=0
[Tuesday/August 05/08/2025 23:11:50] ./mpv-shot0001.jpg | length=0 | time=0
[Tuesday/August 05/08/2025 23:11:51] ./mpv-shot0002.jpg | length=0 | time=0
[Tuesday/August 05/08/2025 23:11:53] ./mpv-shot0003.jpg | length=0 | time=0
[Tuesday/August 05/08/2025 23:11:54] ./mpv-shot0004.jpg | length=0 | time=0
[Tuesday/August 05/08/2025 23:12:02] ./vcredist.bmp | length=0 | time=0
[Tuesday/August 05/08/2025 23:12:02] ./$Recycle.Bin/S-1-5-21-2950260513-1254460824-2835696048-1001/$I2BK0ON.jpg | length=1 | time=0
[Tuesday/August 05/08/2025 23:12:02] ./$Recycle.Bin/S-1-5-21-2950260513-1254460824-2835696048-1001/$IL00G3D.jpg | length=1 | time=0
[Tuesday/August 05/08/2025 23:12:02] ./$Recycle.Bin/S-1-5-21-2950260513-1254460824-2835696048-1001/$ILG436R.jpg | length=1 | time=0
[Tuesday/August 05/08/2025 23:12:03] ./$Recycle.Bin/S-1-5-21-2950260513-1254460824-2835696048-1001/$IVST0KI.jpg | length=1 | time=0
[Tuesday/August 05/08/2025 23:12:03] ./$Recycle.Bin/S-1-5-21-2950260513-1254460824-2835696048-1001/$IZT7UF3.jpg | length=1 | time=0
[Tuesday/August 05/08/2025 23:12:11] ./$Recycle.Bin/S-1-5-21-2950260513-1254460824-2835696048-1001/$R2BK0ON.jpg | length=0 | time=0
[Wednesday/August 06/08/2025 13:57:13] C:\Users\gal\Downloads\[Anime Time] Attack On Titan (Complete Series) (S01-S04+OVA) [Dual Audio][BD][1080p][HEVC 10bit x265][AAC][Eng Sub]\[Anime Time] Attack On Titan (Season 4 Part 2)\[Anime Time] Attack On Titan - 85.mkv | length=1436.435 | time=933.349
[Wednesday/August 06/08/2025 22:18:57] C:\Users\gal\Downloads\[Anime Time] Attack On Titan (Complete Series) (S01-S04+OVA) [Dual Audio][BD][1080p][HEVC 10bit x265][AAC][Eng Sub]\[Anime Time] Attack On Titan (Season 4 Part 2)\[Anime Time] Attack On Titan - 85.mkv | length=1436.435 | time=1436.393
[Wednesday/August 06/08/2025 22:22:45] ./Downloads/[Anime Time] Attack On Titan (Complete Series) (S01-S04+OVA) [Dual Audio][BD][1080p][HEVC 10bit x265][AAC][Eng Sub]/[Anime Time] Attack On Titan (Season 4 Part 1)/[Anime Time] Attack On Titan - 69.mkv | length=1436.436 | time=1330.996
[Wednesday/August 06/08/2025 22:25:54] C:\Users\gal\Downloads\[Anime Time] Attack On Titan (Complete Series) (S01-S04+OVA) [Dual Audio][BD][1080p][HEVC 10bit x265][AAC][Eng Sub]\[Anime Time] Attack On Titan (Season 4 Part 2)\[Anime Time] Attack On Titan - 85.mkv | length=1436.435 | time=937.645
[Wednesday/August 06/08/2025 22:26:31] C:\Users\gal\Downloads\[Anime Time] Attack On Titan (Complete Series) (S01-S04+OVA) [Dual Audio][BD][1080p][HEVC 10bit x265][AAC][Eng Sub]\[Anime Time] Attack On Titan (Season 4 Part 2)\[Anime Time] Attack On Titan - 86.mkv | length=1436.435 | time=49.049
[Wednesday/August 06/08/2025 22:26:46] C:\Users\gal\Downloads\[Anime Time] Attack On Titan (Complete Series) (S01-S04+OVA) [Dual Audio][BD][1080p][HEVC 10bit x265][AAC][Eng Sub]\[Anime Time] Attack On Titan (Season 4 Part 2)\[Anime Time] Attack On Titan - 86.mkv | length=1436.435 | time=0
